<?xml version="1.0" encoding="UTF-8"?>
<!-- Generated by org.testng.reporters.JUnitReportReporter -->
<testsuite hostname="Nalini" failures="0" tests="3" name="test_Scenarios.TestMethods_Login" time="7.199" errors="0" timestamp="2024-02-11T12:54:55 IST" skipped="0">
  <testcase classname="test_Scenarios.TestMethods_Login" name="signIn" time="2.540"/>
  <system-out/>
  <testcase classname="test_Scenarios.TestMethods_Login" name="login" time="1.859"/>
  <system-out/>
  <testcase classname="test_Scenarios.TestMethods_Login" name="clickForgetPasswordLink" time="2.800"/>
  <system-out/>
</testsuite> <!-- test_Scenarios.TestMethods_Login -->
