<?xml version="1.0" encoding="UTF-8"?>
<!-- Generated by org.testng.reporters.JUnitReportReporter -->
<testsuite hostname="Nalini" failures="0" tests="3" name="test_Scenarios.TestMethods_Login" time="11.203" errors="0" timestamp="2024-02-11T09:08:15 IST" skipped="0">
  <testcase classname="test_Scenarios.TestMethods_Login" name="login" time="5.935"/>
  <system-out/>
  <testcase classname="test_Scenarios.TestMethods_Login" name="clickForgetPasswordLink" time="2.747"/>
  <system-out/>
  <testcase classname="test_Scenarios.TestMethods_Login" name="signIn" time="2.521"/>
  <system-out/>
</testsuite> <!-- test_Scenarios.TestMethods_Login -->
